[    3919ms] [WARNING] [GPT] PubAdsService.setTargeting is deprecated, use googletag.setConfig({targeting: ...}) instead.
https://goo.gle/gpt-message#170 @ https://securepubads.g.doubleclick.net/pagead/managed/js/gpt/m202604220101/pubads_impl.js?cb=31098070:18
[    4905ms] [LOG] [8, 0, 1, 0] @ https://cdn.intergient.com/pf?country=SG&browser=Chrome&device=desktop&website_id=75793:0
[    4905ms] [LOG] [8, 0, 1, 0] @ https://cdn.intergient.com/pf?country=SG&browser=Chrome&device=desktop&website_id=75793:0
[    5909ms] [WARNING] [GPT] Slot.setTargeting is deprecated, use Slot.setConfig({targeting: ...}) instead.
https://goo.gle/gpt-message#171 @ https://securepubads.g.doubleclick.net/pagead/managed/js/gpt/m202604220101/pubads_impl.js?cb=31098070:18
[    5911ms] [LOG] [8, 0, 1, 1] @ https://cdn.intergient.com/pf?country=SG&browser=Chrome&device=desktop&website_id=75793:0
[    5911ms] [LOG] [8, 0, 1, 0] @ https://cdn.intergient.com/pf?country=SG&browser=Chrome&device=desktop&website_id=75793:0
[    5915ms] [LOG] [8, 0, 1, 1] @ https://cdn.intergient.com/pf?country=SG&browser=Chrome&device=desktop&website_id=75793:0
[    5915ms] [LOG] [8, 0, 1, 0] @ https://cdn.intergient.com/pf?country=SG&browser=Chrome&device=desktop&website_id=75793:0
[    5917ms] [LOG] [8, 0, 1, 1] @ https://cdn.intergient.com/pf?country=SG&browser=Chrome&device=desktop&website_id=75793:0
[    5917ms] [LOG] [8, 0, 1, 0] @ https://cdn.intergient.com/pf?country=SG&browser=Chrome&device=desktop&website_id=75793:0
[    5920ms] [LOG] [8, 0, 1, 4] @ https://cdn.intergient.com/pf?country=SG&browser=Chrome&device=desktop&website_id=75793:0
[    5920ms] [LOG] [8, 0, 1, 0] @ https://cdn.intergient.com/pf?country=SG&browser=Chrome&device=desktop&website_id=75793:0
[    5922ms] [LOG] [8, 0, 1, 5] @ https://cdn.intergient.com/pf?country=SG&browser=Chrome&device=desktop&website_id=75793:0
[    5922ms] [LOG] [8, 0, 1, 0] @ https://cdn.intergient.com/pf?country=SG&browser=Chrome&device=desktop&website_id=75793:0
[    6140ms] [ERROR] Attestation check for Protected Audience on https://a.teads.tv failed. @ https://www.deliciousmagazine.co.uk/recipes/banoffee-pie/:0
[    6140ms] [ERROR] Attestation check for Protected Audience on https://btlr.sharethrough.com failed. @ https://www.deliciousmagazine.co.uk/recipes/banoffee-pie/:0
[    6140ms] [ERROR] Attestation check for Protected Audience on https://btlr.sharethrough.com failed. @ https://www.deliciousmagazine.co.uk/recipes/banoffee-pie/:0
[    6140ms] [ERROR] Attestation check for Protected Audience on https://btlr.sharethrough.com failed. @ https://www.deliciousmagazine.co.uk/recipes/banoffee-pie/:0
[    6140ms] [ERROR] Attestation check for Protected Audience on https://fastlane.rubiconproject.com failed. @ https://www.deliciousmagazine.co.uk/recipes/banoffee-pie/:0
[    6140ms] [ERROR] Attestation check for Protected Audience on https://fastlane.rubiconproject.com failed. @ https://www.deliciousmagazine.co.uk/recipes/banoffee-pie/:0
[    6141ms] [ERROR] Attestation check for Protected Audience on https://fastlane.rubiconproject.com failed. @ https://www.deliciousmagazine.co.uk/recipes/banoffee-pie/:0
[    6141ms] [ERROR] Attestation check for Protected Audience on https://fastlane.rubiconproject.com failed. @ https://www.deliciousmagazine.co.uk/recipes/banoffee-pie/:0
[    6141ms] [ERROR] Attestation check for Protected Audience on https://fastlane.rubiconproject.com failed. @ https://www.deliciousmagazine.co.uk/recipes/banoffee-pie/:0
[    6141ms] [ERROR] Attestation check for Protected Audience on https://g2.gumgum.com failed. @ https://www.deliciousmagazine.co.uk/recipes/banoffee-pie/:0
[    6141ms] [ERROR] Attestation check for Protected Audience on https://g2.gumgum.com failed. @ https://www.deliciousmagazine.co.uk/recipes/banoffee-pie/:0
[    6141ms] [ERROR] Attestation check for Protected Audience on https://g2.gumgum.com failed. @ https://www.deliciousmagazine.co.uk/recipes/banoffee-pie/:0
[    6141ms] [ERROR] Attestation check for Protected Audience on https://g2.gumgum.com failed. @ https://www.deliciousmagazine.co.uk/recipes/banoffee-pie/:0
[    6141ms] [ERROR] Attestation check for Protected Audience on https://g2.gumgum.com failed. @ https://www.deliciousmagazine.co.uk/recipes/banoffee-pie/:0
[    6141ms] [ERROR] Attestation check for Protected Audience on https://htlb.casalemedia.com failed. @ https://www.deliciousmagazine.co.uk/recipes/banoffee-pie/:0
[    6141ms] [ERROR] Attestation check for Protected Audience on https://ib.adnxs.com failed. @ https://www.deliciousmagazine.co.uk/recipes/banoffee-pie/:0
[    6141ms] [ERROR] Attestation check for Protected Audience on https://exchange.cootlogix.com failed. @ https://www.deliciousmagazine.co.uk/recipes/banoffee-pie/:0
[    6141ms] [ERROR] Attestation check for Protected Audience on https://exchange.cootlogix.com failed. @ https://www.deliciousmagazine.co.uk/recipes/banoffee-pie/:0
[    6141ms] [ERROR] Attestation check for Protected Audience on https://exchange.cootlogix.com failed. @ https://www.deliciousmagazine.co.uk/recipes/banoffee-pie/:0
[    6141ms] [ERROR] Attestation check for Protected Audience on https://exchange.cootlogix.com failed. @ https://www.deliciousmagazine.co.uk/recipes/banoffee-pie/:0
[    6141ms] [ERROR] Attestation check for Protected Audience on https://hb.yellowblue.io failed. @ https://www.deliciousmagazine.co.uk/recipes/banoffee-pie/:0
[    6141ms] [ERROR] Attestation check for Protected Audience on https://direct.adsrvr.org failed. @ https://www.deliciousmagazine.co.uk/recipes/banoffee-pie/:0
[    6141ms] [ERROR] Attestation check for Protected Audience on https://tlx.3lift.com failed. @ https://www.deliciousmagazine.co.uk/recipes/banoffee-pie/:0
[    6141ms] [ERROR] Attestation check for Protected Audience on https://rtb.openx.net failed. @ https://www.deliciousmagazine.co.uk/recipes/banoffee-pie/:0
[    6144ms] [ERROR] Attestation check for Protected Audience on https://grid-bidder.criteo.com failed. @ https://www.deliciousmagazine.co.uk/recipes/banoffee-pie/:0
[    6145ms] [ERROR] Attestation check for Protected Audience on https://hbopenbid.pubmatic.com failed. @ https://www.deliciousmagazine.co.uk/recipes/banoffee-pie/:0
[    6819ms] [ERROR] Failed to load resource: the server responded with a status of 400 () @ https://pbs.intergient.com/cookie_sync:0
[    7475ms] [LOG] [8, 0, 1, 3] @ https://cdn.intergient.com/pf?country=SG&browser=Chrome&device=desktop&website_id=75793:0
[    7476ms] [LOG] [8, 0, 1, 0] @ https://cdn.intergient.com/pf?country=SG&browser=Chrome&device=desktop&website_id=75793:0
[    7666ms] [ERROR] Attestation check for Protected Audience on https://prebid-server.rubiconproject.com failed. @ https://www.deliciousmagazine.co.uk/recipes/banoffee-pie/:0
[    7666ms] [ERROR] Attestation check for Protected Audience on https://hb.yellowblue.io failed. @ https://www.deliciousmagazine.co.uk/recipes/banoffee-pie/:0
[    7666ms] [ERROR] Attestation check for Protected Audience on https://ib.adnxs.com failed. @ https://www.deliciousmagazine.co.uk/recipes/banoffee-pie/:0
[    7666ms] [ERROR] Attestation check for Protected Audience on https://exchange.cootlogix.com failed. @ https://www.deliciousmagazine.co.uk/recipes/banoffee-pie/:0
[    7667ms] [ERROR] Attestation check for Protected Audience on https://htlb.casalemedia.com failed. @ https://www.deliciousmagazine.co.uk/recipes/banoffee-pie/:0
[    7667ms] [ERROR] Attestation check for Protected Audience on https://btlr.sharethrough.com failed. @ https://www.deliciousmagazine.co.uk/recipes/banoffee-pie/:0
[    7667ms] [ERROR] Attestation check for Protected Audience on https://tlx.3lift.com failed. @ https://www.deliciousmagazine.co.uk/recipes/banoffee-pie/:0
[    7667ms] [ERROR] Attestation check for Protected Audience on https://direct.adsrvr.org failed. @ https://www.deliciousmagazine.co.uk/recipes/banoffee-pie/:0
[    7667ms] [ERROR] Attestation check for Protected Audience on https://rtb.openx.net failed. @ https://www.deliciousmagazine.co.uk/recipes/banoffee-pie/:0
[    7676ms] [ERROR] Attestation check for Protected Audience on https://grid-bidder.criteo.com failed. @ https://www.deliciousmagazine.co.uk/recipes/banoffee-pie/:0
[    7677ms] [ERROR] Attestation check for Protected Audience on https://hbopenbid.pubmatic.com failed. @ https://www.deliciousmagazine.co.uk/recipes/banoffee-pie/:0
[    7933ms] [LOG] [8, 0, 1, 2] @ https://cdn.intergient.com/pf?country=SG&browser=Chrome&device=desktop&website_id=75793:0
[    7933ms] [LOG] [8, 0, 1, 0] @ https://cdn.intergient.com/pf?country=SG&browser=Chrome&device=desktop&website_id=75793:0
[    7934ms] [LOG] [8, 0, 1, 2] @ https://cdn.intergient.com/pf?country=SG&browser=Chrome&device=desktop&website_id=75793:0
[    7935ms] [LOG] [8, 0, 1, 0] @ https://cdn.intergient.com/pf?country=SG&browser=Chrome&device=desktop&website_id=75793:0
[    8173ms] [ERROR] Access to fetch at 'https://rp.liadm.com/j?dtstmp=1777365826696&did=did-0046&se=e30&duid=6f5f1cf08388--01kq9m4emf1e0xqkv8nnvv7v6f&tv=10.23.0&pu=https%3A%2F%2Fwww.deliciousmagazine.co.uk%2Frecipes%2Fbanoffee-pie%2F&us_privacy=1---&wpn=prebid&cd=.deliciousmagazine.co.uk' from origin 'https://www.deliciousmagazine.co.uk' has been blocked by CORS policy: No 'Access-Control-Allow-Origin' header is present on the requested resource. @ https://www.deliciousmagazine.co.uk/recipes/banoffee-pie/:0
[    8173ms] [ERROR] Failed to load resource: net::ERR_FAILED @ https://rp.liadm.com/j?dtstmp=1777365826696&did=did-0046&se=e30&duid=6f5f1cf08388--01kq9m4emf1e0xqkv8nnvv7v6f&tv=10.23.0&pu=https%3A%2F%2Fwww.deliciousmagazine.co.uk%2Frecipes%2Fbanoffee-pie%2F&us_privacy=1---&wpn=prebid&cd=.deliciousmagazine.co.uk:0
[   16942ms] [ERROR] Failed to load resource: the server responded with a status of 400 (Bad Request) @ https://ps.eyeota.net/match?bid=2ri0rg0&uid={a852e848-bac3-2ff5-cdc94beb}:0
[   18531ms] [ERROR] Access to fetch at 'https://rp.liadm.com/j?dtstmp=1777365826696&did=did-0046&se=e30&duid=6f5f1cf08388--01kq9m4emf1e0xqkv8nnvv7v6f&tv=10.23.0&pu=https%3A%2F%2Fwww.deliciousmagazine.co.uk%2Frecipes%2Fbanoffee-pie%2F&us_privacy=1---&wpn=prebid&cd=.deliciousmagazine.co.uk' from origin 'https://www.deliciousmagazine.co.uk' has been blocked by CORS policy: No 'Access-Control-Allow-Origin' header is present on the requested resource. @ https://www.deliciousmagazine.co.uk/recipes/banoffee-pie/:0
[   18531ms] [ERROR] Failed to load resource: net::ERR_FAILED @ https://rp.liadm.com/j?dtstmp=1777365826696&did=did-0046&se=e30&duid=6f5f1cf08388--01kq9m4emf1e0xqkv8nnvv7v6f&tv=10.23.0&pu=https%3A%2F%2Fwww.deliciousmagazine.co.uk%2Frecipes%2Fbanoffee-pie%2F&us_privacy=1---&wpn=prebid&cd=.deliciousmagazine.co.uk:0
[   18886ms] [ERROR] Access to fetch at 'https://rp.liadm.com/j?dtstmp=1777365826696&did=did-0046&se=e30&duid=6f5f1cf08388--01kq9m4emf1e0xqkv8nnvv7v6f&tv=10.23.0&pu=https%3A%2F%2Fwww.deliciousmagazine.co.uk%2Frecipes%2Fbanoffee-pie%2F&us_privacy=1---&wpn=prebid&cd=.deliciousmagazine.co.uk' from origin 'https://www.deliciousmagazine.co.uk' has been blocked by CORS policy: No 'Access-Control-Allow-Origin' header is present on the requested resource. @ https://www.deliciousmagazine.co.uk/recipes/banoffee-pie/:0
[   18886ms] [ERROR] Failed to load resource: net::ERR_FAILED @ https://rp.liadm.com/j?dtstmp=1777365826696&did=did-0046&se=e30&duid=6f5f1cf08388--01kq9m4emf1e0xqkv8nnvv7v6f&tv=10.23.0&pu=https%3A%2F%2Fwww.deliciousmagazine.co.uk%2Frecipes%2Fbanoffee-pie%2F&us_privacy=1---&wpn=prebid&cd=.deliciousmagazine.co.uk:0
[   19239ms] [ERROR] Access to fetch at 'https://rp.liadm.com/j?dtstmp=1777365826696&did=did-0046&se=e30&duid=6f5f1cf08388--01kq9m4emf1e0xqkv8nnvv7v6f&tv=10.23.0&pu=https%3A%2F%2Fwww.deliciousmagazine.co.uk%2Frecipes%2Fbanoffee-pie%2F&us_privacy=1---&wpn=prebid&cd=.deliciousmagazine.co.uk' from origin 'https://www.deliciousmagazine.co.uk' has been blocked by CORS policy: No 'Access-Control-Allow-Origin' header is present on the requested resource. @ https://www.deliciousmagazine.co.uk/recipes/banoffee-pie/:0
[   19239ms] [ERROR] Failed to load resource: net::ERR_FAILED @ https://rp.liadm.com/j?dtstmp=1777365826696&did=did-0046&se=e30&duid=6f5f1cf08388--01kq9m4emf1e0xqkv8nnvv7v6f&tv=10.23.0&pu=https%3A%2F%2Fwww.deliciousmagazine.co.uk%2Frecipes%2Fbanoffee-pie%2F&us_privacy=1---&wpn=prebid&cd=.deliciousmagazine.co.uk:0
