[    1552ms] [LOG] ContentPass | Sourcepoint not loaded yet. Retrying. @ https://www.bbcgoodfood.com/recipes/banoffee-pie:362
[    1677ms] [LOG] ContentPass | Sourcepoint not loaded yet. Retrying. @ https://www.bbcgoodfood.com/recipes/banoffee-pie:362
[    1681ms] [INFO] Slow network is detected. See https://www.chromestatus.com/feature/5636954674692096 for more details. Fallback font will be used while loading: https://use.typekit.net/af/9b31bf/000000000000000077359f4c/31/l?primer=7fa3915bdafdf03041871920a205bef951d72bf64dd4c4460fb992e3ecc3a862&fvd=n4&v=3 @ https://use.typekit.net/xij0cqx.js:46
[    1682ms] [INFO] Slow network is detected. See https://www.chromestatus.com/feature/5636954674692096 for more details. Fallback font will be used while loading: https://use.typekit.net/af/b94d55/000000000000000077359f5c/31/l?primer=7fa3915bdafdf03041871920a205bef951d72bf64dd4c4460fb992e3ecc3a862&fvd=n6&v=3 @ https://use.typekit.net/xij0cqx.js:46
[    1682ms] [INFO] Slow network is detected. See https://www.chromestatus.com/feature/5636954674692096 for more details. Fallback font will be used while loading: https://use.typekit.net/af/f6b62a/000000000000000077359f60/31/l?primer=7fa3915bdafdf03041871920a205bef951d72bf64dd4c4460fb992e3ecc3a862&fvd=n7&v=3 @ https://use.typekit.net/xij0cqx.js:46
[    1683ms] [INFO] Slow network is detected. See https://www.chromestatus.com/feature/5636954674692096 for more details. Fallback font will be used while loading: https://use.typekit.net/af/2d9791/000000000000000077359f6b/31/l?primer=7fa3915bdafdf03041871920a205bef951d72bf64dd4c4460fb992e3ecc3a862&fvd=i4&v=3 @ https://use.typekit.net/xij0cqx.js:46
[    1683ms] [INFO] Slow network is detected. See https://www.chromestatus.com/feature/5636954674692096 for more details. Fallback font will be used while loading: https://use.typekit.net/af/d6ff94/000000000000000077359f6e/31/l?primer=7fa3915bdafdf03041871920a205bef951d72bf64dd4c4460fb992e3ecc3a862&fvd=i7&v=3 @ https://use.typekit.net/xij0cqx.js:46
[    1683ms] [INFO] Slow network is detected. See https://www.chromestatus.com/feature/5636954674692096 for more details. Fallback font will be used while loading: https://use.typekit.net/af/f48de9/00000000000000007735ba30/31/l?primer=7fa3915bdafdf03041871920a205bef951d72bf64dd4c4460fb992e3ecc3a862&fvd=n4&v=3 @ https://use.typekit.net/xij0cqx.js:46
[    1684ms] [INFO] Slow network is detected. See https://www.chromestatus.com/feature/5636954674692096 for more details. Fallback font will be used while loading: https://use.typekit.net/af/ff1782/00000000000000007735ba32/31/l?primer=7fa3915bdafdf03041871920a205bef951d72bf64dd4c4460fb992e3ecc3a862&fvd=i4&v=3 @ https://use.typekit.net/xij0cqx.js:46
[    1684ms] [INFO] Slow network is detected. See https://www.chromestatus.com/feature/5636954674692096 for more details. Fallback font will be used while loading: https://use.typekit.net/af/f1947a/00000000000000007735cbdf/31/l?primer=7cdcb44be4a7db8877ffa5c0007b8dd865b3bbc383831fe2ea177f62257a9191&fvd=n5&v=3 @ https://use.typekit.net/xij0cqx.js:46
[    1684ms] [INFO] Slow network is detected. See https://www.chromestatus.com/feature/5636954674692096 for more details. Fallback font will be used while loading: https://use.typekit.net/af/b5786d/00000000000000007735cbe0/31/l?primer=7cdcb44be4a7db8877ffa5c0007b8dd865b3bbc383831fe2ea177f62257a9191&fvd=i5&v=3 @ https://use.typekit.net/xij0cqx.js:46
[    1685ms] [INFO] Slow network is detected. See https://www.chromestatus.com/feature/5636954674692096 for more details. Fallback font will be used while loading: https://use.typekit.net/af/f4b629/00000000000000007735cbe1/31/l?primer=7cdcb44be4a7db8877ffa5c0007b8dd865b3bbc383831fe2ea177f62257a9191&fvd=n6&v=3 @ https://use.typekit.net/xij0cqx.js:46
[    1685ms] [INFO] Slow network is detected. See https://www.chromestatus.com/feature/5636954674692096 for more details. Fallback font will be used while loading: https://use.typekit.net/af/631d24/00000000000000007735cbe2/31/l?primer=7cdcb44be4a7db8877ffa5c0007b8dd865b3bbc383831fe2ea177f62257a9191&fvd=i6&v=3 @ https://use.typekit.net/xij0cqx.js:46
[    1686ms] [INFO] Slow network is detected. See https://www.chromestatus.com/feature/5636954674692096 for more details. Fallback font will be used while loading: https://use.typekit.net/af/0fdffb/00000000000000007735cbe3/31/l?primer=7cdcb44be4a7db8877ffa5c0007b8dd865b3bbc383831fe2ea177f62257a9191&fvd=n7&v=3 @ https://use.typekit.net/xij0cqx.js:46
[    1687ms] [INFO] Slow network is detected. See https://www.chromestatus.com/feature/5636954674692096 for more details. Fallback font will be used while loading: https://use.typekit.net/af/d1f027/00000000000000007735cbe4/31/l?primer=7cdcb44be4a7db8877ffa5c0007b8dd865b3bbc383831fe2ea177f62257a9191&fvd=i7&v=3 @ https://use.typekit.net/xij0cqx.js:46
[    1687ms] [INFO] Slow network is detected. See https://www.chromestatus.com/feature/5636954674692096 for more details. Fallback font will be used while loading: https://use.typekit.net/af/9fbf60/00000000000000007735f947/31/l?primer=7cdcb44be4a7db8877ffa5c0007b8dd865b3bbc383831fe2ea177f62257a9191&fvd=n7&v=3 @ https://use.typekit.net/xij0cqx.js:46
[    1688ms] [INFO] Slow network is detected. See https://www.chromestatus.com/feature/5636954674692096 for more details. Fallback font will be used while loading: https://use.typekit.net/af/8fb1eb/00000000000000007735f94f/31/l?primer=7cdcb44be4a7db8877ffa5c0007b8dd865b3bbc383831fe2ea177f62257a9191&fvd=i7&v=3 @ https://use.typekit.net/xij0cqx.js:46
[    1688ms] [INFO] Slow network is detected. See https://www.chromestatus.com/feature/5636954674692096 for more details. Fallback font will be used while loading: https://use.typekit.net/af/9d7fe6/00000000000000007735f950/31/l?primer=7cdcb44be4a7db8877ffa5c0007b8dd865b3bbc383831fe2ea177f62257a9191&fvd=n5&v=3 @ https://use.typekit.net/xij0cqx.js:46
[    1689ms] [INFO] Slow network is detected. See https://www.chromestatus.com/feature/5636954674692096 for more details. Fallback font will be used while loading: https://use.typekit.net/af/348e58/00000000000000007735f951/31/l?primer=7cdcb44be4a7db8877ffa5c0007b8dd865b3bbc383831fe2ea177f62257a9191&fvd=i5&v=3 @ https://use.typekit.net/xij0cqx.js:46
[    1788ms] [LOG] ContentPass | Sourcepoint not loaded yet. Retrying. @ https://www.bbcgoodfood.com/recipes/banoffee-pie:362
[    1868ms] [LOG] Initialising CMP gate... @ https://www.bbcgoodfood.com/_next/static/chunks/pages/_app-27e079f3be6c5e87.js:64
[    1868ms] [LOG] CMP gate, gate {visible: true, hiddenDispatched: false, hiddenListenerAttached: false} @ https://www.bbcgoodfood.com/_next/static/chunks/pages/_app-27e079f3be6c5e87.js:64
[    1872ms] [LOG] CMP gate, gate {visible: true, hiddenDispatched: false, hiddenListenerAttached: false} @ https://www.bbcgoodfood.com/_next/static/chunks/pages/_app-27e079f3be6c5e87.js:64
[    1873ms] [LOG] CMP - INSIDE:::: onCMPUIBeenShown @ https://www.bbcgoodfood.com/_next/static/chunks/pages/_app-27e079f3be6c5e87.js:64
[    1873ms] [LOG] CMP - INSIDE:::: onCMPUIBeenShown @ https://www.bbcgoodfood.com/_next/static/chunks/pages/_app-27e079f3be6c5e87.js:64
[    1873ms] [LOG] CMP onCMPUIBeenShown just called @ https://www.bbcgoodfood.com/_next/static/chunks/pages/_app-27e079f3be6c5e87.js:64
[    1873ms] [LOG] CMP onCMPUIBeenShown just called @ https://www.bbcgoodfood.com/_next/static/chunks/pages/_app-27e079f3be6c5e87.js:64
[    1873ms] [LOG] CMP gate Initialised!!!... @ https://www.bbcgoodfood.com/_next/static/chunks/pages/_app-27e079f3be6c5e87.js:64
[    1873ms] [LOG] CMP gate Initialised!!!... @ https://www.bbcgoodfood.com/_next/static/chunks/pages/_app-27e079f3be6c5e87.js:64
[    1874ms] [LOG] Zephr: Setting up Zephr consent synchronization @ https://www.bbcgoodfood.com/_next/static/chunks/pages/_app-27e079f3be6c5e87.js:64
[    1874ms] [LOG] Zephr: Setting up Zephr consent synchronization @ https://www.bbcgoodfood.com/_next/static/chunks/pages/_app-27e079f3be6c5e87.js:64
[    1874ms] [LOG] Zephr: Zephr consent synchronization setup complete @ https://www.bbcgoodfood.com/_next/static/chunks/pages/_app-27e079f3be6c5e87.js:64
[    1874ms] [LOG] Zephr: Zephr consent synchronization setup complete @ https://www.bbcgoodfood.com/_next/static/chunks/pages/_app-27e079f3be6c5e87.js:64
[    1875ms] [LOG] Non-account page detected, running Zephr immediately. @ https://www.bbcgoodfood.com/_next/static/chunks/pages/_app-27e079f3be6c5e87.js:64
[    1875ms] [LOG] Non-account page detected, running Zephr immediately. @ https://www.bbcgoodfood.com/_next/static/chunks/pages/_app-27e079f3be6c5e87.js:64
[    1876ms] [LOG] CMP visible — delaying Zephr.run() @ https://www.bbcgoodfood.com/_next/static/chunks/pages/_app-27e079f3be6c5e87.js:64
[    1877ms] [LOG] CMP visible — delaying Zephr.run() @ https://www.bbcgoodfood.com/_next/static/chunks/pages/_app-27e079f3be6c5e87.js:64
[    1877ms] [LOG] Zephr enabled. @ https://www.bbcgoodfood.com/_next/static/chunks/pages/_app-27e079f3be6c5e87.js:64
[    1877ms] [LOG] Zephr enabled. @ https://www.bbcgoodfood.com/_next/static/chunks/pages/_app-27e079f3be6c5e87.js:64
[    1878ms] [LOG] ContentPass | Sourcepoint not loaded yet. Retrying. @ https://www.bbcgoodfood.com/_next/static/chunks/pages/_app-27e079f3be6c5e87.js:64
[    1883ms] [LOG] Using Auth0's UserContext @ https://www.bbcgoodfood.com/_next/static/chunks/pages/_app-27e079f3be6c5e87.js:64
[    1884ms] [LOG] Using Auth0's UserContext @ https://www.bbcgoodfood.com/_next/static/chunks/pages/_app-27e079f3be6c5e87.js:64
[    1884ms] [LOG] Using Auth0's UserContext @ https://www.bbcgoodfood.com/_next/static/chunks/pages/_app-27e079f3be6c5e87.js:64
[    1884ms] [LOG] Using Auth0's UserContext @ https://www.bbcgoodfood.com/_next/static/chunks/pages/_app-27e079f3be6c5e87.js:64
[    1884ms] [LOG] Using Auth0's UserContext @ https://www.bbcgoodfood.com/_next/static/chunks/pages/_app-27e079f3be6c5e87.js:64
[    1884ms] [LOG] Using Auth0's UserContext @ https://www.bbcgoodfood.com/_next/static/chunks/pages/_app-27e079f3be6c5e87.js:64
[    1885ms] [LOG] Initializing OpenWebSSO component @ https://www.bbcgoodfood.com/_next/static/chunks/pages/_app-27e079f3be6c5e87.js:64
[    1885ms] [LOG] Using Auth0's UserContext @ https://www.bbcgoodfood.com/_next/static/chunks/pages/_app-27e079f3be6c5e87.js:64
[    1955ms] [LOG] Using Auth0's UserContext (repeated 8 times) @ https://www.bbcgoodfood.com/_next/static/chunks/pages/_app-27e079f3be6c5e87.js:64
[    1955ms] [LOG] Missing required settings. Skipping. {spotId: undefined, useIdentitySso: undefined} @ https://www.bbcgoodfood.com/_next/static/chunks/pages/_app-27e079f3be6c5e87.js:64
[    1956ms] [LOG] Missing required settings for logout check. Skipping. {spotId: undefined, useIdentitySso: undefined} @ https://www.bbcgoodfood.com/_next/static/chunks/pages/_app-27e079f3be6c5e87.js:64
[    1975ms] [LOG] Hydration complete after 10.50 ms @ https://www.bbcgoodfood.com/_next/static/chunks/pages/_app-27e079f3be6c5e87.js:64
[    1983ms] [LOG] Using Auth0's UserContext @ https://www.bbcgoodfood.com/_next/static/chunks/pages/_app-27e079f3be6c5e87.js:64
[    1983ms] [LOG] Using Auth0's UserContext @ https://www.bbcgoodfood.com/_next/static/chunks/pages/_app-27e079f3be6c5e87.js:64
[    2001ms] [LOG] Using Auth0's UserContext @ https://www.bbcgoodfood.com/_next/static/chunks/pages/_app-27e079f3be6c5e87.js:64
[    2012ms] [LOG] ContentPass | Sourcepoint not loaded yet. Retrying. @ https://www.bbcgoodfood.com/_next/static/chunks/pages/_app-27e079f3be6c5e87.js:64
[    2028ms] [LOG] ContentPass | Starting Sourcepoint @ https://www.bbcgoodfood.com/_next/static/chunks/pages/_app-27e079f3be6c5e87.js:64
[    2444ms] [LOG] Using Auth0's UserContext @ https://www.bbcgoodfood.com/_next/static/chunks/pages/_app-27e079f3be6c5e87.js:64
[    2445ms] [LOG] Using Auth0's UserContext @ https://www.bbcgoodfood.com/_next/static/chunks/pages/_app-27e079f3be6c5e87.js:64
[    2445ms] [LOG] Using Auth0's UserContext @ https://www.bbcgoodfood.com/_next/static/chunks/pages/_app-27e079f3be6c5e87.js:64
[    2446ms] [LOG] Using Auth0's UserContext (repeated 3 times) @ https://www.bbcgoodfood.com/_next/static/chunks/pages/_app-27e079f3be6c5e87.js:64
[    2446ms] [LOG] Initializing OpenWebSSO component @ https://www.bbcgoodfood.com/_next/static/chunks/pages/_app-27e079f3be6c5e87.js:64
[    2447ms] [LOG] Using Auth0's UserContext @ https://www.bbcgoodfood.com/_next/static/chunks/pages/_app-27e079f3be6c5e87.js:64
[    2447ms] [LOG] Using Auth0's UserContext @ https://www.bbcgoodfood.com/_next/static/chunks/pages/_app-27e079f3be6c5e87.js:64
[    2448ms] [LOG] Using Auth0's UserContext @ https://www.bbcgoodfood.com/_next/static/chunks/pages/_app-27e079f3be6c5e87.js:64
[    2450ms] [LOG] Using Auth0's UserContext @ https://www.bbcgoodfood.com/_next/static/chunks/pages/_app-27e079f3be6c5e87.js:64
[    2474ms] [LOG] Using Auth0's UserContext @ https://www.bbcgoodfood.com/_next/static/chunks/pages/_app-27e079f3be6c5e87.js:64
[    2492ms] [LOG] Using Auth0's UserContext (repeated 4 times) @ https://www.bbcgoodfood.com/_next/static/chunks/pages/_app-27e079f3be6c5e87.js:64
[    2492ms] [LOG] Missing required settings. Skipping. {spotId: undefined, useIdentitySso: undefined} @ https://www.bbcgoodfood.com/_next/static/chunks/pages/_app-27e079f3be6c5e87.js:64
[    2493ms] [LOG] Using Auth0's UserContext @ https://www.bbcgoodfood.com/_next/static/chunks/pages/_app-27e079f3be6c5e87.js:64
[    2493ms] [LOG] Using Auth0's UserContext @ https://www.bbcgoodfood.com/_next/static/chunks/pages/_app-27e079f3be6c5e87.js:64
[    2494ms] [LOG] Using Auth0's UserContext @ https://www.bbcgoodfood.com/_next/static/chunks/pages/_app-27e079f3be6c5e87.js:64
[    2877ms] [LOG] Zephr: Initializing Zephr @ https://www.bbcgoodfood.com/_next/static/chunks/pages/_app-27e079f3be6c5e87.js:64
[    2878ms] [LOG] Zephr: Initializing Zephr @ https://www.bbcgoodfood.com/_next/static/chunks/pages/_app-27e079f3be6c5e87.js:64
[    2879ms] [LOG] Zephr: Checking user authentication {imoLoginValue: undefined, isAuthenticated: false, hasCookie: false} @ https://www.bbcgoodfood.com/_next/static/chunks/pages/_app-27e079f3be6c5e87.js:64
[    2879ms] [LOG] Zephr: Checking user authentication {imoLoginValue: undefined, isAuthenticated: false, hasCookie: false} @ https://www.bbcgoodfood.com/_next/static/chunks/pages/_app-27e079f3be6c5e87.js:64
[    2879ms] [LOG] Zephr: User not authenticated, skipping sync @ https://www.bbcgoodfood.com/_next/static/chunks/pages/_app-27e079f3be6c5e87.js:64
[    2879ms] [LOG] Zephr: User not authenticated, skipping sync @ https://www.bbcgoodfood.com/_next/static/chunks/pages/_app-27e079f3be6c5e87.js:64
[    3087ms] [LOG] Using Auth0's UserContext @ https://www.bbcgoodfood.com/_next/static/chunks/pages/_app-27e079f3be6c5e87.js:64
[    3089ms] [LOG] Using Auth0's UserContext @ https://www.bbcgoodfood.com/_next/static/chunks/pages/_app-27e079f3be6c5e87.js:64
[    3090ms] [LOG] Using Auth0's UserContext @ https://www.bbcgoodfood.com/_next/static/chunks/pages/_app-27e079f3be6c5e87.js:64
[    3308ms] [LOG] Using Auth0's UserContext (repeated 8 times) @ https://www.bbcgoodfood.com/_next/static/chunks/pages/_app-27e079f3be6c5e87.js:64
[    3308ms] [LOG] Messaging without detection successfully executed. @ https://www.bbcgoodfood.com/_next/static/chunks/pages/_app-27e079f3be6c5e87.js:64
[    3308ms] [LOG] SourcePoint | [event] onSPPMObjectReady [undefined] @ https://www.bbcgoodfood.com/_next/static/chunks/pages/_app-27e079f3be6c5e87.js:64
[    3318ms] [LOG] CMP UI shown — gating Zephr @ https://www.bbcgoodfood.com/_next/static/chunks/pages/_app-27e079f3be6c5e87.js:64
[    3319ms] [LOG] CMP UI shown — gating Zephr @ https://www.bbcgoodfood.com/_next/static/chunks/pages/_app-27e079f3be6c5e87.js:64
[    3320ms] [LOG] Zephr: Consent change detected (event 1) @ https://www.bbcgoodfood.com/_next/static/chunks/pages/_app-27e079f3be6c5e87.js:64
[    3320ms] [LOG] Zephr: Consent change detected (event 1) @ https://www.bbcgoodfood.com/_next/static/chunks/pages/_app-27e079f3be6c5e87.js:64
[    3320ms] [LOG] Zephr: Initializing Zephr @ https://www.bbcgoodfood.com/_next/static/chunks/pages/_app-27e079f3be6c5e87.js:64
[    3321ms] [LOG] Zephr: Initializing Zephr @ https://www.bbcgoodfood.com/_next/static/chunks/pages/_app-27e079f3be6c5e87.js:64
[    3321ms] [LOG] Zephr: Checking user authentication {imoLoginValue: undefined, isAuthenticated: false, hasCookie: false} @ https://www.bbcgoodfood.com/_next/static/chunks/pages/_app-27e079f3be6c5e87.js:64
[    3321ms] [LOG] Zephr: Checking user authentication {imoLoginValue: undefined, isAuthenticated: false, hasCookie: false} @ https://www.bbcgoodfood.com/_next/static/chunks/pages/_app-27e079f3be6c5e87.js:64
[    3321ms] [LOG] Zephr: User not authenticated, skipping sync @ https://www.bbcgoodfood.com/_next/static/chunks/pages/_app-27e079f3be6c5e87.js:64
[    3321ms] [LOG] Zephr: User not authenticated, skipping sync @ https://www.bbcgoodfood.com/_next/static/chunks/pages/_app-27e079f3be6c5e87.js:64
[    3333ms] [LOG] SourcePoint | [event] onMessageReceiveData [gdpr, Object] @ https://www.bbcgoodfood.com/_next/static/chunks/pages/_app-27e079f3be6c5e87.js:64
[    3335ms] [ERROR] Consentless Inventory | Cannot retreive Consent Data {hasConsented: false} @ https://www.bbcgoodfood.com/_next/static/chunks/pages/_app-27e079f3be6c5e87.js:64
[    3941ms] [LOG] SourcePoint | [event] onMessageReady [gdpr] @ https://www.bbcgoodfood.com/_next/static/chunks/pages/_app-27e079f3be6c5e87.js:64
[   10510ms] [WARNING] The resource https://www.bbcgoodfood.com/segment/analytics.js/v1/DqXUIAeV8f6valtkjZA8NiwwSbvcv8jR/analytics.min.js was preloaded using link preload but not used within a few seconds from the window's load event. Please make sure it has an appropriate `as` value and it is preloaded intentionally. @ https://www.bbcgoodfood.com/recipes/banoffee-pie:0
